<html>
<head>
<title>TestNG:  Default test</title>
<link href="../testng.css" rel="stylesheet" type="text/css" />
<link href="../my-testng.css" rel="stylesheet" type="text/css" />

<style type="text/css">
.log { display: none;} 
.stack-trace { display: none;} 
</style>
<script type="text/javascript">
<!--
function flip(e) {
  current = e.style.display;
  if (current == 'block') {
    e.style.display = 'none';
    return 0;
  }
  else {
    e.style.display = 'block';
    return 1;
  }
}

function toggleBox(szDivId, elem, msg1, msg2)
{
  var res = -1;  if (document.getElementById) {
    res = flip(document.getElementById(szDivId));
  }
  else if (document.all) {
    // this is the way old msie versions work
    res = flip(document.all[szDivId]);
  }
  if(elem) {
    if(res == 0) elem.innerHTML = msg1; else elem.innerHTML = msg2;
  }

}

function toggleAllBoxes() {
  if (document.getElementsByTagName) {
    d = document.getElementsByTagName('div');
    for (i = 0; i < d.length; i++) {
      if (d[i].className == 'log') {
        flip(d[i]);
      }
    }
  }
}

// -->
</script>

</head>
<body>
<h2 align='center'>Default test</h2><table border='1' align="center">
<tr>
<td>Tests passed/Failed/Skipped:</td><td>7/3/0</td>
</tr><tr>
<td>Started on:</td><td>Mon Jun 23 17:08:06 IST 2025</td>
</tr>
<tr><td>Total time:</td><td>389 seconds (389223 ms)</td>
</tr><tr>
<td>Included groups:</td><td></td>
</tr><tr>
<td>Excluded groups:</td><td></td>
</tr>
</table><p/>
<small><i>(Hover the method name to see the test class name)</i></small><p/>
<table width='100%' border='1' class='invocation-failed'>
<tr><td colspan='4' align='center'><b>FAILED TESTS</b></td></tr>
<tr><td><b>Test method</b></td>
<td><b>Attribute(s)</b></td>
<td width="30%"><b>Exception</b></td>
<td width="10%"><b>Time (seconds)</b></td>
<td><b>Instance</b></td>
</tr>
<tr>
<td title='com.Capium.TestRunFiles.Capium_BK_FixedAssests_runfile.runScenario()'><b>runScenario</b><br>Test class: com.Capium.TestRunFiles.Capium_BK_FixedAssests_runfile<br>Test method: Runs Cucumber Scenarios<br>Parameters: "Verify activate(disposed assest) functionality for tangble", "Bookkeeping Fixed Assets"</td>
<td><div><pre>org.openqa.selenium.NoSuchElementException: no such element: Unable to locate element: {&quot;method&quot;:&quot;xpath&quot;,&quot;selector&quot;:&quot;(//select[@class=&apos;fa-action-disposed input-xs text-center&apos;])[1]&quot;}
  (Session info: chrome=137.0.7151.104)
For documentation on this error, please visit: https://www.selenium.dev/documentation/webdriver/troubleshooting/errors#no-such-element-exception
Build info: version: &apos;4.23.0&apos;, revision: &apos;4df0a231af&apos;
System info: os.name: &apos;Windows 10&apos;, os.arch: &apos;amd64&apos;, os.version: &apos;10.0&apos;, java.version: &apos;17.0.12&apos;
Driver info: org.openqa.selenium.chrome.ChromeDriver
Command: [9edfa0076fd5ea3b53dd6f2828151ef3, findElement {using=xpath, value=(//select[@class=&apos;fa-action-disposed input-xs text-center&apos;])[1]}]
Capabilities {acceptInsecureCerts: false, browserName: chrome, browserVersion: 137.0.7151.104, chrome: {chromedriverVersion: 137.0.7151.119 (e0ac9d12dff..., userDataDir: C:\Users\user\AppData\Local...}, fedcm:accounts: true, goog:chromeOptions: {debuggerAddress: localhost:59842}, networkConnectionEnabled: false, pageLoadStrategy: normal, platformName: windows, proxy: Proxy(), se:cdp: ws://localhost:59842/devtoo..., se:cdpVersion: 137.0.7151.104, setWindowRect: true, strictFileInteractability: false, timeouts: {implicit: 0, pageLoad: 300000, script: 30000}, unhandledPromptBehavior: dismiss and notify, webauthn:extension:credBlob: true, webauthn:extension:largeBlob: true, webauthn:extension:minPinLength: true, webauthn:extension:prf: true, webauthn:virtualAuthenticators: true}
Session ID: 9edfa0076fd5ea3b53dd6f2828151ef3
	at java.base/jdk.internal.reflect.NativeConstructorAccessorImpl.newInstance0(Native Method)
	at java.base/jdk.internal.reflect.NativeConstructorAccessorImpl.newInstance(NativeConstructorAccessorImpl.java:77)
	at java.base/jdk.internal.reflect.DelegatingConstructorAccessorImpl.newInstance(DelegatingConstructorAccessorImpl.java:45)
	at java.base/java.lang.reflect.Constructor.newInstanceWithCaller(Constructor.java:499)
	at java.base/java.lang.reflect.Constructor.newInstance(Constructor.java:480)
	at org.openqa.selenium.remote.ErrorCodec.decode(ErrorCodec.java:167)
	at org.openqa.selenium.remote.codec.w3c.W3CHttpResponseCodec.decode(W3CHttpResponseCodec.java:138)
	at org.openqa.selenium.remote.codec.w3c.W3CHttpResponseCodec.decode(W3CHttpResponseCodec.java:50)
	at org.openqa.selenium.remote.HttpCommandExecutor.execute(HttpCommandExecutor.java:190)
	at org.openqa.selenium.remote.service.DriverCommandExecutor.invokeExecute(DriverCommandExecutor.java:216)
	at org.openqa.selenium.remote.service.DriverCommandExecutor.execute(DriverCommandExecutor.java:174)
	at org.openqa.selenium.remote.RemoteWebDriver.execute(RemoteWebDriver.java:527)
	at org.openqa.selenium.remote.ElementLocation$ElementFinder$2.findElement(ElementLocation.java:165)
	at org.openqa.selenium.remote.ElementLocation.findElement(ElementLocation.java:59)
	at org.openqa.selenium.remote.RemoteWebDriver.findElement(RemoteWebDriver.java:357)
	at org.openqa.selenium.remote.RemoteWebDriver.findElement(RemoteWebDriver.java:351)
	at com.Capium.Utilies.HelperClass.selectOptionByValue(HelperClass.java:230)
	at com.Capium.Actions.Capium_Bookkeeping_FixedAssets_Actions.Clickonactivatedisposedactiondropdownfortangible(Capium_Bookkeeping_FixedAssets_Actions.java:215)
	at com.Capium.stepDefinations.Capium_Bookkeeping_FixedAssests_Stepdef.click_on_activate_disposed_action_dropdown_for_tangble(Capium_Bookkeeping_FixedAssests_Stepdef.java:100)
	at ✽.Click on activate(disposed)action dropdown for tangble(file:///D:/Core%20Modules/Capium_BK_3.0/src/test/resources/Feature_CapiumPurchase/BK_FixedAssets.feature:58)
</pre></div><a href='#' onClick='toggleBox("stack-trace1994834032", this, "Click to show all stack frames", "Click to hide stack frames")'>Click to show all stack frames</a>
<div class='stack-trace' id='stack-trace1994834032'><pre>org.openqa.selenium.NoSuchElementException: no such element: Unable to locate element: {&quot;method&quot;:&quot;xpath&quot;,&quot;selector&quot;:&quot;(//select[@class=&apos;fa-action-disposed input-xs text-center&apos;])[1]&quot;}
  (Session info: chrome=137.0.7151.104)
For documentation on this error, please visit: https://www.selenium.dev/documentation/webdriver/troubleshooting/errors#no-such-element-exception
Build info: version: &apos;4.23.0&apos;, revision: &apos;4df0a231af&apos;
System info: os.name: &apos;Windows 10&apos;, os.arch: &apos;amd64&apos;, os.version: &apos;10.0&apos;, java.version: &apos;17.0.12&apos;
Driver info: org.openqa.selenium.chrome.ChromeDriver
Command: [9edfa0076fd5ea3b53dd6f2828151ef3, findElement {using=xpath, value=(//select[@class=&apos;fa-action-disposed input-xs text-center&apos;])[1]}]
Capabilities {acceptInsecureCerts: false, browserName: chrome, browserVersion: 137.0.7151.104, chrome: {chromedriverVersion: 137.0.7151.119 (e0ac9d12dff..., userDataDir: C:\Users\user\AppData\Local...}, fedcm:accounts: true, goog:chromeOptions: {debuggerAddress: localhost:59842}, networkConnectionEnabled: false, pageLoadStrategy: normal, platformName: windows, proxy: Proxy(), se:cdp: ws://localhost:59842/devtoo..., se:cdpVersion: 137.0.7151.104, setWindowRect: true, strictFileInteractability: false, timeouts: {implicit: 0, pageLoad: 300000, script: 30000}, unhandledPromptBehavior: dismiss and notify, webauthn:extension:credBlob: true, webauthn:extension:largeBlob: true, webauthn:extension:minPinLength: true, webauthn:extension:prf: true, webauthn:virtualAuthenticators: true}
Session ID: 9edfa0076fd5ea3b53dd6f2828151ef3
	at java.base/jdk.internal.reflect.NativeConstructorAccessorImpl.newInstance0(Native Method)
	at java.base/jdk.internal.reflect.NativeConstructorAccessorImpl.newInstance(NativeConstructorAccessorImpl.java:77)
	at java.base/jdk.internal.reflect.DelegatingConstructorAccessorImpl.newInstance(DelegatingConstructorAccessorImpl.java:45)
	at java.base/java.lang.reflect.Constructor.newInstanceWithCaller(Constructor.java:499)
	at java.base/java.lang.reflect.Constructor.newInstance(Constructor.java:480)
	at org.openqa.selenium.remote.ErrorCodec.decode(ErrorCodec.java:167)
	at org.openqa.selenium.remote.codec.w3c.W3CHttpResponseCodec.decode(W3CHttpResponseCodec.java:138)
	at org.openqa.selenium.remote.codec.w3c.W3CHttpResponseCodec.decode(W3CHttpResponseCodec.java:50)
	at org.openqa.selenium.remote.HttpCommandExecutor.execute(HttpCommandExecutor.java:190)
	at org.openqa.selenium.remote.service.DriverCommandExecutor.invokeExecute(DriverCommandExecutor.java:216)
	at org.openqa.selenium.remote.service.DriverCommandExecutor.execute(DriverCommandExecutor.java:174)
	at org.openqa.selenium.remote.RemoteWebDriver.execute(RemoteWebDriver.java:527)
	at org.openqa.selenium.remote.ElementLocation$ElementFinder$2.findElement(ElementLocation.java:165)
	at org.openqa.selenium.remote.ElementLocation.findElement(ElementLocation.java:59)
	at org.openqa.selenium.remote.RemoteWebDriver.findElement(RemoteWebDriver.java:357)
	at org.openqa.selenium.remote.RemoteWebDriver.findElement(RemoteWebDriver.java:351)
	at com.Capium.Utilies.HelperClass.selectOptionByValue(HelperClass.java:230)
	at com.Capium.Actions.Capium_Bookkeeping_FixedAssets_Actions.Clickonactivatedisposedactiondropdownfortangible(Capium_Bookkeeping_FixedAssets_Actions.java:215)
	at com.Capium.stepDefinations.Capium_Bookkeeping_FixedAssests_Stepdef.click_on_activate_disposed_action_dropdown_for_tangble(Capium_Bookkeeping_FixedAssests_Stepdef.java:100)
	at ✽.Click on activate(disposed)action dropdown for tangble(file:///D:/Core%20Modules/Capium_BK_3.0/src/test/resources/Feature_CapiumPurchase/BK_FixedAssets.feature:58)
</pre></div></td>
<td>40</td>
<td>com.Capium.TestRunFiles.Capium_BK_FixedAssests_runfile@f79e</td></tr>
<tr>
<td title='com.Capium.TestRunFiles.Capium_BK_FixedAssests_runfile.runScenario()'><b>runScenario</b><br>Test class: com.Capium.TestRunFiles.Capium_BK_FixedAssests_runfile<br>Test method: Runs Cucumber Scenarios<br>Parameters: "Verify Edit and explain functionality for leased", "Bookkeeping Fixed Assets"</td>
<td><div><pre>org.openqa.selenium.TimeoutException: Expected condition failed: waiting for element to be clickable: By.xpath: (//select[@class=&apos;fa-action input-xs text-center&apos;])[2] (tried for 10 second(s) with 500 milliseconds interval)
Build info: version: &apos;4.23.0&apos;, revision: &apos;4df0a231af&apos;
System info: os.name: &apos;Windows 10&apos;, os.arch: &apos;amd64&apos;, os.version: &apos;10.0&apos;, java.version: &apos;17.0.12&apos;
Driver info: org.openqa.selenium.chrome.ChromeDriver
Capabilities {acceptInsecureCerts: false, browserName: chrome, browserVersion: 137.0.7151.104, chrome: {chromedriverVersion: 137.0.7151.119 (e0ac9d12dff..., userDataDir: C:\Users\user\AppData\Local...}, fedcm:accounts: true, goog:chromeOptions: {debuggerAddress: localhost:59842}, networkConnectionEnabled: false, pageLoadStrategy: normal, platformName: windows, proxy: Proxy(), se:cdp: ws://localhost:59842/devtoo..., se:cdpVersion: 137.0.7151.104, setWindowRect: true, strictFileInteractability: false, timeouts: {implicit: 0, pageLoad: 300000, script: 30000}, unhandledPromptBehavior: dismiss and notify, webauthn:extension:credBlob: true, webauthn:extension:largeBlob: true, webauthn:extension:minPinLength: true, webauthn:extension:prf: true, webauthn:virtualAuthenticators: true}
Session ID: 9edfa0076fd5ea3b53dd6f2828151ef3
	at org.openqa.selenium.support.ui.WebDriverWait.timeoutException(WebDriverWait.java:84)
	at org.openqa.selenium.support.ui.FluentWait.until(FluentWait.java:228)
	at com.Capium.Actions.Capium_Bookkeeping_FixedAssets_Actions.Clickoneditandexplaininactiondropdownforleased(Capium_Bookkeeping_FixedAssets_Actions.java:338)
	at com.Capium.stepDefinations.Capium_Bookkeeping_FixedAssests_Stepdef.click_on_edit_and_explain_in_action_dropdown_for_leased(Capium_Bookkeeping_FixedAssests_Stepdef.java:137)
	at ✽.Click on edit and explain in action dropdown for leased(file:///D:/Core%20Modules/Capium_BK_3.0/src/test/resources/Feature_CapiumPurchase/BK_FixedAssets.feature:83)
</pre></div><a href='#' onClick='toggleBox("stack-trace1720994940", this, "Click to show all stack frames", "Click to hide stack frames")'>Click to show all stack frames</a>
<div class='stack-trace' id='stack-trace1720994940'><pre>org.openqa.selenium.TimeoutException: Expected condition failed: waiting for element to be clickable: By.xpath: (//select[@class=&apos;fa-action input-xs text-center&apos;])[2] (tried for 10 second(s) with 500 milliseconds interval)
Build info: version: &apos;4.23.0&apos;, revision: &apos;4df0a231af&apos;
System info: os.name: &apos;Windows 10&apos;, os.arch: &apos;amd64&apos;, os.version: &apos;10.0&apos;, java.version: &apos;17.0.12&apos;
Driver info: org.openqa.selenium.chrome.ChromeDriver
Capabilities {acceptInsecureCerts: false, browserName: chrome, browserVersion: 137.0.7151.104, chrome: {chromedriverVersion: 137.0.7151.119 (e0ac9d12dff..., userDataDir: C:\Users\user\AppData\Local...}, fedcm:accounts: true, goog:chromeOptions: {debuggerAddress: localhost:59842}, networkConnectionEnabled: false, pageLoadStrategy: normal, platformName: windows, proxy: Proxy(), se:cdp: ws://localhost:59842/devtoo..., se:cdpVersion: 137.0.7151.104, setWindowRect: true, strictFileInteractability: false, timeouts: {implicit: 0, pageLoad: 300000, script: 30000}, unhandledPromptBehavior: dismiss and notify, webauthn:extension:credBlob: true, webauthn:extension:largeBlob: true, webauthn:extension:minPinLength: true, webauthn:extension:prf: true, webauthn:virtualAuthenticators: true}
Session ID: 9edfa0076fd5ea3b53dd6f2828151ef3
	at org.openqa.selenium.support.ui.WebDriverWait.timeoutException(WebDriverWait.java:84)
	at org.openqa.selenium.support.ui.FluentWait.until(FluentWait.java:228)
	at com.Capium.Actions.Capium_Bookkeeping_FixedAssets_Actions.Clickoneditandexplaininactiondropdownforleased(Capium_Bookkeeping_FixedAssets_Actions.java:338)
	at com.Capium.stepDefinations.Capium_Bookkeeping_FixedAssests_Stepdef.click_on_edit_and_explain_in_action_dropdown_for_leased(Capium_Bookkeeping_FixedAssests_Stepdef.java:137)
	at ✽.Click on edit and explain in action dropdown for leased(file:///D:/Core%20Modules/Capium_BK_3.0/src/test/resources/Feature_CapiumPurchase/BK_FixedAssets.feature:83)
</pre></div></td>
<td>47</td>
<td>com.Capium.TestRunFiles.Capium_BK_FixedAssests_runfile@f79e</td></tr>
<tr>
<td title='com.Capium.TestRunFiles.Capium_BK_FixedAssests_runfile.runScenario()'><b>runScenario</b><br>Test class: com.Capium.TestRunFiles.Capium_BK_FixedAssests_runfile<br>Test method: Runs Cucumber Scenarios<br>Parameters: "Verify sell functionality for leased", "Bookkeeping Fixed Assets"</td>
<td><div><pre>org.openqa.selenium.NoSuchElementException: no such element: Unable to locate element: {&quot;method&quot;:&quot;xpath&quot;,&quot;selector&quot;:&quot;(//select[@class=&apos;fa-action input-xs text-center&apos;])[2]&quot;}
  (Session info: chrome=137.0.7151.104)
For documentation on this error, please visit: https://www.selenium.dev/documentation/webdriver/troubleshooting/errors#no-such-element-exception
Build info: version: &apos;4.23.0&apos;, revision: &apos;4df0a231af&apos;
System info: os.name: &apos;Windows 10&apos;, os.arch: &apos;amd64&apos;, os.version: &apos;10.0&apos;, java.version: &apos;17.0.12&apos;
Driver info: org.openqa.selenium.chrome.ChromeDriver
Command: [9edfa0076fd5ea3b53dd6f2828151ef3, findElement {using=xpath, value=(//select[@class=&apos;fa-action input-xs text-center&apos;])[2]}]
Capabilities {acceptInsecureCerts: false, browserName: chrome, browserVersion: 137.0.7151.104, chrome: {chromedriverVersion: 137.0.7151.119 (e0ac9d12dff..., userDataDir: C:\Users\user\AppData\Local...}, fedcm:accounts: true, goog:chromeOptions: {debuggerAddress: localhost:59842}, networkConnectionEnabled: false, pageLoadStrategy: normal, platformName: windows, proxy: Proxy(), se:cdp: ws://localhost:59842/devtoo..., se:cdpVersion: 137.0.7151.104, setWindowRect: true, strictFileInteractability: false, timeouts: {implicit: 0, pageLoad: 300000, script: 30000}, unhandledPromptBehavior: dismiss and notify, webauthn:extension:credBlob: true, webauthn:extension:largeBlob: true, webauthn:extension:minPinLength: true, webauthn:extension:prf: true, webauthn:virtualAuthenticators: true}
Session ID: 9edfa0076fd5ea3b53dd6f2828151ef3
	at java.base/jdk.internal.reflect.NativeConstructorAccessorImpl.newInstance0(Native Method)
	at java.base/jdk.internal.reflect.NativeConstructorAccessorImpl.newInstance(NativeConstructorAccessorImpl.java:77)
	at java.base/jdk.internal.reflect.DelegatingConstructorAccessorImpl.newInstance(DelegatingConstructorAccessorImpl.java:45)
	at java.base/java.lang.reflect.Constructor.newInstanceWithCaller(Constructor.java:499)
	at java.base/java.lang.reflect.Constructor.newInstance(Constructor.java:480)
	at org.openqa.selenium.remote.ErrorCodec.decode(ErrorCodec.java:167)
	at org.openqa.selenium.remote.codec.w3c.W3CHttpResponseCodec.decode(W3CHttpResponseCodec.java:138)
	at org.openqa.selenium.remote.codec.w3c.W3CHttpResponseCodec.decode(W3CHttpResponseCodec.java:50)
	at org.openqa.selenium.remote.HttpCommandExecutor.execute(HttpCommandExecutor.java:190)
	at org.openqa.selenium.remote.service.DriverCommandExecutor.invokeExecute(DriverCommandExecutor.java:216)
	at org.openqa.selenium.remote.service.DriverCommandExecutor.execute(DriverCommandExecutor.java:174)
	at org.openqa.selenium.remote.RemoteWebDriver.execute(RemoteWebDriver.java:527)
	at org.openqa.selenium.remote.ElementLocation$ElementFinder$2.findElement(ElementLocation.java:165)
	at org.openqa.selenium.remote.ElementLocation.findElement(ElementLocation.java:59)
	at org.openqa.selenium.remote.RemoteWebDriver.findElement(RemoteWebDriver.java:357)
	at org.openqa.selenium.remote.RemoteWebDriver.findElement(RemoteWebDriver.java:351)
	at com.Capium.Utilies.HelperClass.selectOptionByValue(HelperClass.java:230)
	at com.Capium.Actions.Capium_Bookkeeping_FixedAssets_Actions.Clickonsellinactiondropdownforleased(Capium_Bookkeeping_FixedAssets_Actions.java:357)
	at com.Capium.stepDefinations.Capium_Bookkeeping_FixedAssests_Stepdef.click_on_sell_in_action_dropdown_for_leased(Capium_Bookkeeping_FixedAssests_Stepdef.java:146)
	at ✽.Click on sell in action dropdown for leased(file:///D:/Core%20Modules/Capium_BK_3.0/src/test/resources/Feature_CapiumPurchase/BK_FixedAssets.feature:88)
</pre></div><a href='#' onClick='toggleBox("stack-trace741236338", this, "Click to show all stack frames", "Click to hide stack frames")'>Click to show all stack frames</a>
<div class='stack-trace' id='stack-trace741236338'><pre>org.openqa.selenium.NoSuchElementException: no such element: Unable to locate element: {&quot;method&quot;:&quot;xpath&quot;,&quot;selector&quot;:&quot;(//select[@class=&apos;fa-action input-xs text-center&apos;])[2]&quot;}
  (Session info: chrome=137.0.7151.104)
For documentation on this error, please visit: https://www.selenium.dev/documentation/webdriver/troubleshooting/errors#no-such-element-exception
Build info: version: &apos;4.23.0&apos;, revision: &apos;4df0a231af&apos;
System info: os.name: &apos;Windows 10&apos;, os.arch: &apos;amd64&apos;, os.version: &apos;10.0&apos;, java.version: &apos;17.0.12&apos;
Driver info: org.openqa.selenium.chrome.ChromeDriver
Command: [9edfa0076fd5ea3b53dd6f2828151ef3, findElement {using=xpath, value=(//select[@class=&apos;fa-action input-xs text-center&apos;])[2]}]
Capabilities {acceptInsecureCerts: false, browserName: chrome, browserVersion: 137.0.7151.104, chrome: {chromedriverVersion: 137.0.7151.119 (e0ac9d12dff..., userDataDir: C:\Users\user\AppData\Local...}, fedcm:accounts: true, goog:chromeOptions: {debuggerAddress: localhost:59842}, networkConnectionEnabled: false, pageLoadStrategy: normal, platformName: windows, proxy: Proxy(), se:cdp: ws://localhost:59842/devtoo..., se:cdpVersion: 137.0.7151.104, setWindowRect: true, strictFileInteractability: false, timeouts: {implicit: 0, pageLoad: 300000, script: 30000}, unhandledPromptBehavior: dismiss and notify, webauthn:extension:credBlob: true, webauthn:extension:largeBlob: true, webauthn:extension:minPinLength: true, webauthn:extension:prf: true, webauthn:virtualAuthenticators: true}
Session ID: 9edfa0076fd5ea3b53dd6f2828151ef3
	at java.base/jdk.internal.reflect.NativeConstructorAccessorImpl.newInstance0(Native Method)
	at java.base/jdk.internal.reflect.NativeConstructorAccessorImpl.newInstance(NativeConstructorAccessorImpl.java:77)
	at java.base/jdk.internal.reflect.DelegatingConstructorAccessorImpl.newInstance(DelegatingConstructorAccessorImpl.java:45)
	at java.base/java.lang.reflect.Constructor.newInstanceWithCaller(Constructor.java:499)
	at java.base/java.lang.reflect.Constructor.newInstance(Constructor.java:480)
	at org.openqa.selenium.remote.ErrorCodec.decode(ErrorCodec.java:167)
	at org.openqa.selenium.remote.codec.w3c.W3CHttpResponseCodec.decode(W3CHttpResponseCodec.java:138)
	at org.openqa.selenium.remote.codec.w3c.W3CHttpResponseCodec.decode(W3CHttpResponseCodec.java:50)
	at org.openqa.selenium.remote.HttpCommandExecutor.execute(HttpCommandExecutor.java:190)
	at org.openqa.selenium.remote.service.DriverCommandExecutor.invokeExecute(DriverCommandExecutor.java:216)
	at org.openqa.selenium.remote.service.DriverCommandExecutor.execute(DriverCommandExecutor.java:174)
	at org.openqa.selenium.remote.RemoteWebDriver.execute(RemoteWebDriver.java:527)
	at org.openqa.selenium.remote.ElementLocation$ElementFinder$2.findElement(ElementLocation.java:165)
	at org.openqa.selenium.remote.ElementLocation.findElement(ElementLocation.java:59)
	at org.openqa.selenium.remote.RemoteWebDriver.findElement(RemoteWebDriver.java:357)
	at org.openqa.selenium.remote.RemoteWebDriver.findElement(RemoteWebDriver.java:351)
	at com.Capium.Utilies.HelperClass.selectOptionByValue(HelperClass.java:230)
	at com.Capium.Actions.Capium_Bookkeeping_FixedAssets_Actions.Clickonsellinactiondropdownforleased(Capium_Bookkeeping_FixedAssets_Actions.java:357)
	at com.Capium.stepDefinations.Capium_Bookkeeping_FixedAssests_Stepdef.click_on_sell_in_action_dropdown_for_leased(Capium_Bookkeeping_FixedAssests_Stepdef.java:146)
	at ✽.Click on sell in action dropdown for leased(file:///D:/Core%20Modules/Capium_BK_3.0/src/test/resources/Feature_CapiumPurchase/BK_FixedAssets.feature:88)
</pre></div></td>
<td>41</td>
<td>com.Capium.TestRunFiles.Capium_BK_FixedAssests_runfile@f79e</td></tr>
</table><p>
<table width='100%' border='1' class='invocation-passed'>
<tr><td colspan='4' align='center'><b>PASSED TESTS</b></td></tr>
<tr><td><b>Test method</b></td>
<td><b>Attribute(s)</b></td>
<td width="30%"><b>Exception</b></td>
<td width="10%"><b>Time (seconds)</b></td>
<td><b>Instance</b></td>
</tr>
<tr>
<td title='com.Capium.TestRunFiles.Capium_BK_FixedAssests_runfile.runScenario()'><b>runScenario</b><br>Test class: com.Capium.TestRunFiles.Capium_BK_FixedAssests_runfile<br>Test method: Runs Cucumber Scenarios<br>Parameters: "Verify Edit and explain functionality for intangible", "Bookkeeping Fixed Assets"</td>
<td></td>
<td>31</td>
<td>com.Capium.TestRunFiles.Capium_BK_FixedAssests_runfile@f79e</td></tr>
<tr>
<td title='com.Capium.TestRunFiles.Capium_BK_FixedAssests_runfile.runScenario()'><b>runScenario</b><br>Test class: com.Capium.TestRunFiles.Capium_BK_FixedAssests_runfile<br>Test method: Runs Cucumber Scenarios<br>Parameters: "Verify activate(sell assest) functionality for leased", "Bookkeeping Fixed Assets"</td>
<td></td>
<td>32</td>
<td>com.Capium.TestRunFiles.Capium_BK_FixedAssests_runfile@f79e</td></tr>
<tr>
<td title='com.Capium.TestRunFiles.Capium_BK_FixedAssests_runfile.runScenario()'><b>runScenario</b><br>Test class: com.Capium.TestRunFiles.Capium_BK_FixedAssests_runfile<br>Test method: Runs Cucumber Scenarios<br>Parameters: "Verify depreciation functionality", "Bookkeeping Fixed Assets"</td>
<td></td>
<td>36</td>
<td>com.Capium.TestRunFiles.Capium_BK_FixedAssests_runfile@f79e</td></tr>
<tr>
<td title='com.Capium.TestRunFiles.Capium_BK_FixedAssests_runfile.runScenario()'><b>runScenario</b><br>Test class: com.Capium.TestRunFiles.Capium_BK_FixedAssests_runfile<br>Test method: Runs Cucumber Scenarios<br>Parameters: "Verify activate(disposed assest) functionality for intangble", "Bookkeeping Fixed Assets"</td>
<td></td>
<td>36</td>
<td>com.Capium.TestRunFiles.Capium_BK_FixedAssests_runfile@f79e</td></tr>
<tr>
<td title='com.Capium.TestRunFiles.Capium_BK_FixedAssests_runfile.runScenario()'><b>runScenario</b><br>Test class: com.Capium.TestRunFiles.Capium_BK_FixedAssests_runfile<br>Test method: Runs Cucumber Scenarios<br>Parameters: "Verify disposed functionality for leased", "Bookkeeping Fixed Assets"</td>
<td></td>
<td>40</td>
<td>com.Capium.TestRunFiles.Capium_BK_FixedAssests_runfile@f79e</td></tr>
<tr>
<td title='com.Capium.TestRunFiles.Capium_BK_FixedAssests_runfile.runScenario()'><b>runScenario</b><br>Test class: com.Capium.TestRunFiles.Capium_BK_FixedAssests_runfile<br>Test method: Runs Cucumber Scenarios<br>Parameters: "Verify activate(disposed assest) functionality for leased", "Bookkeeping Fixed Assets"</td>
<td></td>
<td>32</td>
<td>com.Capium.TestRunFiles.Capium_BK_FixedAssests_runfile@f79e</td></tr>
<tr>
<td title='com.Capium.TestRunFiles.Capium_BK_FixedAssests_runfile.runScenario()'><b>runScenario</b><br>Test class: com.Capium.TestRunFiles.Capium_BK_FixedAssests_runfile<br>Test method: Runs Cucumber Scenarios<br>Parameters: "Verify disposed functionality for intangible", "Bookkeeping Fixed Assets"</td>
<td></td>
<td>35</td>
<td>com.Capium.TestRunFiles.Capium_BK_FixedAssests_runfile@f79e</td></tr>
</table><p>
</body>
</html>