<?xml version="1.0" encoding="UTF-8"?>
<!-- Generated by org.testng.reporters.JUnitReportReporter -->
<testsuite hostname="DESKTOP-3PKNHUN" failures="0" tests="13" name="com.Capium.TestRunFiles.Capium_BK_Tasks_runfile" time="671.956" errors="1" timestamp="2025-06-23T13:18:28 IST" skipped="0">
  <testcase classname="com.Capium.TestRunFiles.Capium_BK_Tasks_runfile" name="runScenario" time="31.286"/>
  <testcase classname="com.Capium.TestRunFiles.Capium_BK_Tasks_runfile" name="runScenario" time="35.663"/>
  <testcase classname="com.Capium.TestRunFiles.Capium_BK_Tasks_runfile" name="runScenario" time="38.152">
    <error message="no such element: Unable to locate element: {&quot;method&quot;:&quot;xpath&quot;,&quot;selector&quot;:&quot;//input[@id=&#039;txtusername&#039;]&quot;}
  (Session info: chrome=137.0.7151.104)
For documentation on this error, please visit: https://www.selenium.dev/documentation/webdriver/troubleshooting/errors#no-such-element-exception
Build info: version: &#039;4.23.0&#039;, revision: &#039;4df0a231af&#039;
System info: os.name: &#039;Windows 10&#039;, os.arch: &#039;amd64&#039;, os.version: &#039;10.0&#039;, java.version: &#039;17.0.12&#039;
Driver info: org.openqa.selenium.chrome.ChromeDriver
Command: [21f41c6785b4fcf92f30d6ccaab06442, findElement {value=//input[@id=&#039;txtusername&#039;], using=xpath}]
Capabilities {acceptInsecureCerts: false, browserName: chrome, browserVersion: 137.0.7151.104, chrome: {chromedriverVersion: 137.0.7151.119 (e0ac9d12dff..., userDataDir: C:\Users\user\AppData\Local...}, fedcm:accounts: true, goog:chromeOptions: {debuggerAddress: localhost:53574}, networkConnectionEnabled: false, pageLoadStrategy: normal, platformName: windows, proxy: Proxy(), se:cdp: ws://localhost:53574/devtoo..., se:cdpVersion: 137.0.7151.104, setWindowRect: true, strictFileInteractability: false, timeouts: {implicit: 0, pageLoad: 300000, script: 30000}, unhandledPromptBehavior: dismiss and notify, webauthn:extension:credBlob: true, webauthn:extension:largeBlob: true, webauthn:extension:minPinLength: true, webauthn:extension:prf: true, webauthn:virtualAuthenticators: true}
Session ID: 21f41c6785b4fcf92f30d6ccaab06442" type="org.openqa.selenium.NoSuchElementException">
      <![CDATA[org.openqa.selenium.NoSuchElementException: no such element: Unable to locate element: {"method":"xpath","selector":"//input[@id='txtusername']"}
  (Session info: chrome=137.0.7151.104)
For documentation on this error, please visit: https://www.selenium.dev/documentation/webdriver/troubleshooting/errors#no-such-element-exception
Build info: version: '4.23.0', revision: '4df0a231af'
System info: os.name: 'Windows 10', os.arch: 'amd64', os.version: '10.0', java.version: '17.0.12'
Driver info: org.openqa.selenium.chrome.ChromeDriver
Command: [21f41c6785b4fcf92f30d6ccaab06442, findElement {value=//input[@id='txtusername'], using=xpath}]
Capabilities {acceptInsecureCerts: false, browserName: chrome, browserVersion: 137.0.7151.104, chrome: {chromedriverVersion: 137.0.7151.119 (e0ac9d12dff..., userDataDir: C:\Users\user\AppData\Local...}, fedcm:accounts: true, goog:chromeOptions: {debuggerAddress: localhost:53574}, networkConnectionEnabled: false, pageLoadStrategy: normal, platformName: windows, proxy: Proxy(), se:cdp: ws://localhost:53574/devtoo..., se:cdpVersion: 137.0.7151.104, setWindowRect: true, strictFileInteractability: false, timeouts: {implicit: 0, pageLoad: 300000, script: 30000}, unhandledPromptBehavior: dismiss and notify, webauthn:extension:credBlob: true, webauthn:extension:largeBlob: true, webauthn:extension:minPinLength: true, webauthn:extension:prf: true, webauthn:virtualAuthenticators: true}
Session ID: 21f41c6785b4fcf92f30d6ccaab06442
at jdk.internal.reflect.GeneratedConstructorAccessor51.newInstance(Unknown Source)
at java.base/jdk.internal.reflect.DelegatingConstructorAccessorImpl.newInstance(DelegatingConstructorAccessorImpl.java:45)
at java.base/java.lang.reflect.Constructor.newInstanceWithCaller(Constructor.java:499)
at java.base/java.lang.reflect.Constructor.newInstance(Constructor.java:480)
at org.openqa.selenium.remote.ErrorCodec.decode(ErrorCodec.java:167)
at org.openqa.selenium.remote.codec.w3c.W3CHttpResponseCodec.decode(W3CHttpResponseCodec.java:138)
at org.openqa.selenium.remote.codec.w3c.W3CHttpResponseCodec.decode(W3CHttpResponseCodec.java:50)
at org.openqa.selenium.remote.HttpCommandExecutor.execute(HttpCommandExecutor.java:190)
at org.openqa.selenium.remote.service.DriverCommandExecutor.invokeExecute(DriverCommandExecutor.java:216)
at org.openqa.selenium.remote.service.DriverCommandExecutor.execute(DriverCommandExecutor.java:174)
at org.openqa.selenium.remote.RemoteWebDriver.execute(RemoteWebDriver.java:527)
at org.openqa.selenium.remote.ElementLocation$ElementFinder$2.findElement(ElementLocation.java:165)
at org.openqa.selenium.remote.ElementLocation.findElement(ElementLocation.java:59)
at org.openqa.selenium.remote.RemoteWebDriver.findElement(RemoteWebDriver.java:357)
at org.openqa.selenium.remote.RemoteWebDriver.findElement(RemoteWebDriver.java:351)
at org.openqa.selenium.support.pagefactory.DefaultElementLocator.findElement(DefaultElementLocator.java:68)
at org.openqa.selenium.support.pagefactory.internal.LocatingElementHandler.invoke(LocatingElementHandler.java:38)
at jdk.proxy2/jdk.proxy2.$Proxy44.clear(Unknown Source)
at com.Capium.Actions.Capium_Login_Actions.EnterUsername(Capium_Login_Actions.java:18)
at com.Capium.stepDefinations.CapiumLoginDef_file.user_enter_username_and_password(CapiumLoginDef_file.java:88)
at âœ½.User Enter username and Password(file:///D:/Core%20Modules/Capium_BK_3.0/src/test/resources/Feature_CapiumPurchase/BK_Tasks.feature:6)
]]>
    </error>
  </testcase> <!-- runScenario -->
  <testcase classname="com.Capium.TestRunFiles.Capium_BK_Tasks_runfile" name="runScenario" time="37.512"/>
  <testcase classname="com.Capium.TestRunFiles.Capium_BK_Tasks_runfile" name="runScenario" time="92.811"/>
  <testcase classname="com.Capium.TestRunFiles.Capium_BK_Tasks_runfile" name="runScenario" time="45.414"/>
  <testcase classname="com.Capium.TestRunFiles.Capium_BK_Tasks_runfile" name="runScenario" time="141.407"/>
  <testcase classname="com.Capium.TestRunFiles.Capium_BK_Tasks_runfile" name="runScenario" time="31.254"/>
  <testcase classname="com.Capium.TestRunFiles.Capium_BK_Tasks_runfile" name="runScenario" time="33.599"/>
  <testcase classname="com.Capium.TestRunFiles.Capium_BK_Tasks_runfile" name="runScenario" time="33.906"/>
  <testcase classname="com.Capium.TestRunFiles.Capium_BK_Tasks_runfile" name="runScenario" time="83.330"/>
  <testcase classname="com.Capium.TestRunFiles.Capium_BK_Tasks_runfile" name="runScenario" time="31.680"/>
  <testcase classname="com.Capium.TestRunFiles.Capium_BK_Tasks_runfile" name="runScenario" time="35.942"/>
</testsuite> <!-- com.Capium.TestRunFiles.Capium_BK_Tasks_runfile -->
