<?xml version="1.0" encoding="UTF-8"?>
<!-- Generated by org.testng.reporters.JUnitReportReporter -->
<testsuite hostname="DESKTOP-3PKNHUN" failures="0" tests="10" name="com.Capium.TestRunFiles.Capium_BK_CIS_runfile" time="451.132" errors="1" timestamp="2025-06-23T13:18:28 IST" skipped="0">
  <testcase classname="com.Capium.TestRunFiles.Capium_BK_CIS_runfile" name="runScenario" time="37.352"/>
  <testcase classname="com.Capium.TestRunFiles.Capium_BK_CIS_runfile" name="runScenario" time="39.762"/>
  <testcase classname="com.Capium.TestRunFiles.Capium_BK_CIS_runfile" name="runScenario" time="44.349"/>
  <testcase classname="com.Capium.TestRunFiles.Capium_BK_CIS_runfile" name="runScenario" time="41.901"/>
  <testcase classname="com.Capium.TestRunFiles.Capium_BK_CIS_runfile" name="runScenario" time="39.667">
    <error message="stale element reference: stale element not found in the current frame
  (Session info: chrome=137.0.7151.104)
For documentation on this error, please visit: https://www.selenium.dev/documentation/webdriver/troubleshooting/errors#stale-element-reference-exception
Build info: version: &#039;4.23.0&#039;, revision: &#039;4df0a231af&#039;
System info: os.name: &#039;Windows 10&#039;, os.arch: &#039;amd64&#039;, os.version: &#039;10.0&#039;, java.version: &#039;17.0.12&#039;
Driver info: org.openqa.selenium.chrome.ChromeDriver
Command: [9e348b4c655d194ec96baf817edc99b1, executeScript {args=[{element-6066-11e4-a52e-4f735466cecf=f.CF8F3DA2CBEC266502DBAEA7B7382E9B.d.9B4119D2788E100FF377BB6D387FEE28.e.1616}], script=arguments[0].value=&#039;01/05/2025&#039;;}]
Capabilities {acceptInsecureCerts: false, browserName: chrome, browserVersion: 137.0.7151.104, chrome: {chromedriverVersion: 137.0.7151.119 (e0ac9d12dff..., userDataDir: C:\Users\user\AppData\Local...}, fedcm:accounts: true, goog:chromeOptions: {debuggerAddress: localhost:53684}, networkConnectionEnabled: false, pageLoadStrategy: normal, platformName: windows, proxy: Proxy(), se:cdp: ws://localhost:53684/devtoo..., se:cdpVersion: 137.0.7151.104, setWindowRect: true, strictFileInteractability: false, timeouts: {implicit: 0, pageLoad: 300000, script: 30000}, unhandledPromptBehavior: dismiss and notify, webauthn:extension:credBlob: true, webauthn:extension:largeBlob: true, webauthn:extension:minPinLength: true, webauthn:extension:prf: true, webauthn:virtualAuthenticators: true}
Session ID: 9e348b4c655d194ec96baf817edc99b1" type="org.openqa.selenium.StaleElementReferenceException">
      <![CDATA[org.openqa.selenium.StaleElementReferenceException: stale element reference: stale element not found in the current frame
  (Session info: chrome=137.0.7151.104)
For documentation on this error, please visit: https://www.selenium.dev/documentation/webdriver/troubleshooting/errors#stale-element-reference-exception
Build info: version: '4.23.0', revision: '4df0a231af'
System info: os.name: 'Windows 10', os.arch: 'amd64', os.version: '10.0', java.version: '17.0.12'
Driver info: org.openqa.selenium.chrome.ChromeDriver
Command: [9e348b4c655d194ec96baf817edc99b1, executeScript {args=[{element-6066-11e4-a52e-4f735466cecf=f.CF8F3DA2CBEC266502DBAEA7B7382E9B.d.9B4119D2788E100FF377BB6D387FEE28.e.1616}], script=arguments[0].value='01/05/2025';}]
Capabilities {acceptInsecureCerts: false, browserName: chrome, browserVersion: 137.0.7151.104, chrome: {chromedriverVersion: 137.0.7151.119 (e0ac9d12dff..., userDataDir: C:\Users\user\AppData\Local...}, fedcm:accounts: true, goog:chromeOptions: {debuggerAddress: localhost:53684}, networkConnectionEnabled: false, pageLoadStrategy: normal, platformName: windows, proxy: Proxy(), se:cdp: ws://localhost:53684/devtoo..., se:cdpVersion: 137.0.7151.104, setWindowRect: true, strictFileInteractability: false, timeouts: {implicit: 0, pageLoad: 300000, script: 30000}, unhandledPromptBehavior: dismiss and notify, webauthn:extension:credBlob: true, webauthn:extension:largeBlob: true, webauthn:extension:minPinLength: true, webauthn:extension:prf: true, webauthn:virtualAuthenticators: true}
Session ID: 9e348b4c655d194ec96baf817edc99b1
at java.base/jdk.internal.reflect.NativeConstructorAccessorImpl.newInstance0(Native Method)
at java.base/jdk.internal.reflect.NativeConstructorAccessorImpl.newInstance(NativeConstructorAccessorImpl.java:77)
at java.base/jdk.internal.reflect.DelegatingConstructorAccessorImpl.newInstance(DelegatingConstructorAccessorImpl.java:45)
at java.base/java.lang.reflect.Constructor.newInstanceWithCaller(Constructor.java:499)
at java.base/java.lang.reflect.Constructor.newInstance(Constructor.java:480)
at org.openqa.selenium.remote.ErrorCodec.decode(ErrorCodec.java:167)
at org.openqa.selenium.remote.codec.w3c.W3CHttpResponseCodec.decode(W3CHttpResponseCodec.java:138)
at org.openqa.selenium.remote.codec.w3c.W3CHttpResponseCodec.decode(W3CHttpResponseCodec.java:50)
at org.openqa.selenium.remote.HttpCommandExecutor.execute(HttpCommandExecutor.java:190)
at org.openqa.selenium.remote.service.DriverCommandExecutor.invokeExecute(DriverCommandExecutor.java:216)
at org.openqa.selenium.remote.service.DriverCommandExecutor.execute(DriverCommandExecutor.java:174)
at org.openqa.selenium.remote.RemoteWebDriver.execute(RemoteWebDriver.java:527)
at org.openqa.selenium.remote.RemoteWebDriver.executeScript(RemoteWebDriver.java:465)
at com.Capium.Utilies.HelperClass.setValueUsingJS(HelperClass.java:153)
at com.Capium.Actions.Capium_Bookkeeping_CIS_Actions.EditPaymentCISAndSave(Capium_Bookkeeping_CIS_Actions.java:307)
at com.Capium.stepDefinations.Capium_Bookkeeping_CIS_stepdef.select_account_type_as_cis_control_account_and_enter_total_balance_amount_and_all_manditory_fields_and_click_on_save(Capium_Bookkeeping_CIS_stepdef.java:110)
at âœ½.Select Account type as CIS Control account and Enter total balance amount and all manditory fields and click on Save(file:///D:/Core%20Modules/Capium_BK_3.0/src/test/resources/Feature_CapiumPurchase/BK_CIS.feature:46)
]]>
    </error>
  </testcase> <!-- runScenario -->
  <testcase classname="com.Capium.TestRunFiles.Capium_BK_CIS_runfile" name="runScenario" time="48.168"/>
  <testcase classname="com.Capium.TestRunFiles.Capium_BK_CIS_runfile" name="runScenario" time="58.324"/>
  <testcase classname="com.Capium.TestRunFiles.Capium_BK_CIS_runfile" name="runScenario" time="53.989"/>
  <testcase classname="com.Capium.TestRunFiles.Capium_BK_CIS_runfile" name="runScenario" time="51.131"/>
  <testcase classname="com.Capium.TestRunFiles.Capium_BK_CIS_runfile" name="runScenario" time="36.489"/>
</testsuite> <!-- com.Capium.TestRunFiles.Capium_BK_CIS_runfile -->
